<?xml version="1.0" encoding="UTF-8"?>
<testng-results skipped="0" failed="0" ignored="0" total="2" passed="2">
  <reporter-output>
  </reporter-output>
  <suite name="Default suite" duration-ms="29196" started-at="2019-01-07T18:36:02Z" finished-at="2019-01-07T18:36:31Z">
    <groups>
    </groups>
    <test name="Default test" duration-ms="29196" started-at="2019-01-07T18:36:02Z" finished-at="2019-01-07T18:36:31Z">
      <class name="com.qa.amazon.testbase.TestBase">
        <test-method status="PASS" signature="setUp()[pri:0, instance:com.qa.amazon.testbase.TestBase@1794d431]" name="setUp" is-config="true" duration-ms="11336" started-at="2019-01-07T18:36:02Z" finished-at="2019-01-07T18:36:13Z">
          <reporter-output>
          </reporter-output>
        </test-method> <!-- setUp -->
        <test-method status="PASS" signature="register()[pri:0, instance:com.qa.amazon.testbase.TestBase@1794d431]" name="register" duration-ms="2501" started-at="2019-01-07T18:36:13Z" finished-at="2019-01-07T18:36:16Z">
          <reporter-output>
          </reporter-output>
        </test-method> <!-- register -->
        <test-method status="PASS" signature="tearDown()[pri:0, instance:com.qa.amazon.testbase.TestBase@1794d431]" name="tearDown" is-config="true" duration-ms="1448" started-at="2019-01-07T18:36:16Z" finished-at="2019-01-07T18:36:17Z">
          <reporter-output>
          </reporter-output>
        </test-method> <!-- tearDown -->
        <test-method status="PASS" signature="setUp()[pri:0, instance:com.qa.amazon.testbase.TestBase@1794d431]" name="setUp" is-config="true" duration-ms="7942" started-at="2019-01-07T18:36:17Z" finished-at="2019-01-07T18:36:25Z">
          <reporter-output>
          </reporter-output>
        </test-method> <!-- setUp -->
        <test-method status="PASS" signature="login()[pri:1, instance:com.qa.amazon.testbase.TestBase@1794d431]" name="login" duration-ms="4322" started-at="2019-01-07T18:36:25Z" finished-at="2019-01-07T18:36:30Z">
          <reporter-output>
          </reporter-output>
        </test-method> <!-- login -->
        <test-method status="PASS" signature="tearDown()[pri:0, instance:com.qa.amazon.testbase.TestBase@1794d431]" name="tearDown" is-config="true" duration-ms="1539" started-at="2019-01-07T18:36:30Z" finished-at="2019-01-07T18:36:31Z">
          <reporter-output>
          </reporter-output>
        </test-method> <!-- tearDown -->
      </class> <!-- com.qa.amazon.testbase.TestBase -->
    </test> <!-- Default test -->
  </suite> <!-- Default suite -->
</testng-results>
